<?xml version="1.0" encoding="UTF-8"?>
<testng-results ignored="0" total="5" passed="5" failed="0" skipped="0">
  <reporter-output>
  </reporter-output>
  <suite started-at="2023-09-24T20:04:54 IST" name="EcommerceSuite" finished-at="2023-09-24T20:05:12 IST" duration-ms="18120">
    <groups>
    </groups>
    <test started-at="2023-09-24T20:04:54 IST" name="EcommerceTest" finished-at="2023-09-24T20:05:12 IST" duration-ms="18120">
      <class name="test.ECommerceTest1.ECommerceTest">
        <test-method is-config="true" signature="setUp()[pri:0, instance:test.ECommerceTest1.ECommerceTest@2f7298b]" started-at="2023-09-24T20:04:52 IST" name="setUp" finished-at="2023-09-24T20:04:54 IST" duration-ms="1879" status="PASS">
          <reporter-output>
          </reporter-output>
        </test-method> <!-- setUp -->
        <test-method signature="verifyFlipkartLogo()[pri:1, instance:test.ECommerceTest1.ECommerceTest@2f7298b]" started-at="2023-09-24T20:04:54 IST" name="verifyFlipkartLogo" finished-at="2023-09-24T20:05:00 IST" duration-ms="5299" status="PASS">
          <reporter-output>
          </reporter-output>
        </test-method> <!-- verifyFlipkartLogo -->
        <test-method signature="verifyTextBoxandSearch()[pri:2, instance:test.ECommerceTest1.ECommerceTest@2f7298b]" started-at="2023-09-24T20:05:00 IST" name="verifyTextBoxandSearch" finished-at="2023-09-24T20:05:05 IST" duration-ms="5240" status="PASS">
          <reporter-output>
          </reporter-output>
        </test-method> <!-- verifyTextBoxandSearch -->
        <test-method signature="verifyClickOnFirstDisplayedItem()[pri:3, instance:test.ECommerceTest1.ECommerceTest@2f7298b]" started-at="2023-09-24T20:05:05 IST" name="verifyClickOnFirstDisplayedItem" finished-at="2023-09-24T20:05:06 IST" duration-ms="1170" status="PASS">
          <reporter-output>
          </reporter-output>
        </test-method> <!-- verifyClickOnFirstDisplayedItem -->
        <test-method signature="verifyAddToCart()[pri:4, instance:test.ECommerceTest1.ECommerceTest@2f7298b]" started-at="2023-09-24T20:05:06 IST" name="verifyAddToCart" finished-at="2023-09-24T20:05:12 IST" duration-ms="6286" status="PASS">
          <reporter-output>
          </reporter-output>
        </test-method> <!-- verifyAddToCart -->
        <test-method signature="verifyProductInCart()[pri:5, instance:test.ECommerceTest1.ECommerceTest@2f7298b]" started-at="2023-09-24T20:05:12 IST" name="verifyProductInCart" finished-at="2023-09-24T20:05:12 IST" duration-ms="60" status="PASS">
          <reporter-output>
          </reporter-output>
        </test-method> <!-- verifyProductInCart -->
        <test-method is-config="true" signature="tearDown()[pri:0, instance:test.ECommerceTest1.ECommerceTest@2f7298b]" started-at="2023-09-24T20:05:12 IST" name="tearDown" finished-at="2023-09-24T20:05:13 IST" duration-ms="298" status="PASS">
          <reporter-output>
          </reporter-output>
        </test-method> <!-- tearDown -->
      </class> <!-- test.ECommerceTest1.ECommerceTest -->
    </test> <!-- EcommerceTest -->
  </suite> <!-- EcommerceSuite -->
</testng-results>
