<?xml version="1.0" encoding="UTF-8"?>
<testng-results ignored="0" total="4" passed="4" failed="0" skipped="0">
  <reporter-output>
  </reporter-output>
  <suite started-at="2023-09-08T19:18:01 IST" name="Default suite" finished-at="2023-09-08T19:18:30 IST" duration-ms="29501">
    <groups>
    </groups>
    <test started-at="2023-09-08T19:18:01 IST" name="Default test" finished-at="2023-09-08T19:18:30 IST" duration-ms="29501">
      <class name="com.W3SchoolsTest">
        <test-method is-config="true" signature="setUp()[pri:0, instance:com.W3SchoolsTest@5b8dfcc1]" started-at="2023-09-08T19:18:06 IST" name="setUp" finished-at="2023-09-08T19:18:11 IST" duration-ms="5648" status="PASS">
          <reporter-output>
          </reporter-output>
        </test-method> <!-- setUp -->
        <test-method signature="searchForW3Schools()[pri:1, instance:com.W3SchoolsTest@5b8dfcc1]" started-at="2023-09-08T19:18:11 IST" name="searchForW3Schools" finished-at="2023-09-08T19:18:29 IST" duration-ms="17795" status="PASS">
          <reporter-output>
          </reporter-output>
        </test-method> <!-- searchForW3Schools -->
        <test-method is-config="true" signature="tearDown()[pri:0, instance:com.W3SchoolsTest@5b8dfcc1]" started-at="2023-09-08T19:18:30 IST" name="tearDown" finished-at="2023-09-08T19:18:30 IST" duration-ms="496" status="PASS">
          <reporter-output>
          </reporter-output>
        </test-method> <!-- tearDown -->
      </class> <!-- com.W3SchoolsTest -->
      <class name="com.GoogleTest">
        <test-method is-config="true" signature="setUp()[pri:0, instance:com.GoogleTest@130d63be]" started-at="2023-09-08T19:18:01 IST" name="setUp" finished-at="2023-09-08T19:18:06 IST" duration-ms="5136" status="PASS">
          <reporter-output>
          </reporter-output>
        </test-method> <!-- setUp -->
        <test-method signature="testGoogleLogo()[pri:1, instance:com.GoogleTest@130d63be]" started-at="2023-09-08T19:18:29 IST" name="testGoogleLogo" finished-at="2023-09-08T19:18:29 IST" duration-ms="71" status="PASS">
          <reporter-output>
          </reporter-output>
        </test-method> <!-- testGoogleLogo -->
        <test-method signature="testSearchBox()[pri:2, instance:com.GoogleTest@130d63be]" started-at="2023-09-08T19:18:29 IST" name="testSearchBox" finished-at="2023-09-08T19:18:29 IST" duration-ms="42" status="PASS">
          <reporter-output>
          </reporter-output>
        </test-method> <!-- testSearchBox -->
        <test-method signature="testButtonNames()[pri:3, instance:com.GoogleTest@130d63be]" started-at="2023-09-08T19:18:29 IST" name="testButtonNames" finished-at="2023-09-08T19:18:29 IST" duration-ms="56" status="PASS">
          <reporter-output>
          </reporter-output>
        </test-method> <!-- testButtonNames -->
        <test-method is-config="true" signature="tearDown()[pri:0, instance:com.GoogleTest@130d63be]" started-at="2023-09-08T19:18:29 IST" name="tearDown" finished-at="2023-09-08T19:18:30 IST" duration-ms="189" status="PASS">
          <reporter-output>
          </reporter-output>
        </test-method> <!-- tearDown -->
      </class> <!-- com.GoogleTest -->
    </test> <!-- Default test -->
  </suite> <!-- Default suite -->
</testng-results>
