<?xml version="1.0" encoding="UTF-8"?>
<!-- Generated by org.testng.reporters.JUnitXMLReporter -->
<testsuite ignored="0" hostname="DESKTOP-HNS75MC" failures="0" tests="5" name="EcommerceTest" time="18.12" errors="0" timestamp="2023-09-24T20:05:12 IST">
  <testcase classname="test.ECommerceTest1.ECommerceTest" name="verifyFlipkartLogo" time="5.299"/>
  <testcase classname="test.ECommerceTest1.ECommerceTest" name="verifyTextBoxandSearch" time="5.24"/>
  <testcase classname="test.ECommerceTest1.ECommerceTest" name="verifyClickOnFirstDisplayedItem" time="1.17"/>
  <testcase classname="test.ECommerceTest1.ECommerceTest" name="verifyAddToCart" time="6.286"/>
  <testcase classname="test.ECommerceTest1.ECommerceTest" name="verifyProductInCart" time="0.06"/>
</testsuite> <!-- EcommerceTest -->
