<?xml version="1.0" encoding="UTF-8"?>
<!-- Generated by org.testng.reporters.JUnitXMLReporter -->
<testsuite ignored="0" hostname="DESKTOP-HNS75MC" failures="0" tests="4" name="Default test" time="29.501" errors="0" timestamp="2023-09-08T19:18:30 IST">
  <testcase classname="com.W3SchoolsTest" name="searchForW3Schools" time="17.795"/>
  <testcase classname="com.GoogleTest" name="testGoogleLogo" time="0.071"/>
  <testcase classname="com.GoogleTest" name="testSearchBox" time="0.042"/>
  <testcase classname="com.GoogleTest" name="testButtonNames" time="0.056"/>
</testsuite> <!-- Default test -->
