<?xml version="1.0" encoding="UTF-8"?>
<!-- Generated by org.testng.reporters.JUnitXMLReporter -->
<testsuite hostname="DESKTOP-HNS75MC" failures="0" tests="4" name="Surefire test" time="28.884" errors="0" timestamp="8 Sep 2023 14:44:34 GMT">
  <testcase classname="test.ProjectMaven.GoogleTest" name="testGoogleLogo" time="0.099"/>
  <testcase classname="test.ProjectMaven.GoogleTest" name="testSearchBox" time="0.054"/>
  <testcase classname="test.ProjectMaven.GoogleTest" name="testButtonNames" time="0.059"/>
  <testcase classname="test.ProjectMaven.W3SchoolsTest" name="searchForW3Schools" time="13.148"/>
</testsuite> <!-- Surefire test -->
